#
# There is insufficient memory for the Java Runtime Environment to continue.
# Native memory allocation (mmap) failed to map 132120576 bytes. Error detail: G1 virtual space
# Possible reasons:
#   The system is out of physical RAM or swap space
#   This process is running with CompressedOops enabled, and the Java Heap may be blocking the growth of the native heap
# Possible solutions:
#   Reduce memory load on the system
#   Increase physical memory or swap space
#   Check if swap backing store is full
#   Decrease Java heap size (-Xmx/-Xms)
#   Decrease number of Java threads
#   Decrease Java thread stack sizes (-Xss)
#   Set larger code cache with -XX:ReservedCodeCacheSize=
#   JVM is running with Unscaled Compressed Oops mode in which the Java heap is
#     placed in the first 4GB address space. The Java Heap base address is the
#     maximum limit for the native heap growth. Please use -XX:HeapBaseMinAddress
#     to set the Java Heap base and to place the Java Heap above 4GB virtual address.
# This output file may be truncated or incomplete.
#
#  Out of Memory Error (os_windows.cpp:3554), pid=24620, tid=6976
#
# JRE version:  (25.0.1+8) (build )
# Java VM: Java HotSpot(TM) 64-Bit Server VM (25.0.1+8-LTS-27, mixed mode, sharing, tiered, compressed oops, compressed class ptrs, g1 gc, windows-amd64)
# No core dump will be written. Minidumps are not enabled by default on client versions of Windows
#

---------------  S U M M A R Y ------------

Command Line: -Dfile.encoding=UTF-8 -Dstdout.encoding=UTF-8 -Dstderr.encoding=UTF-8 --module-path=C:\Users\GURU\eclipse-workspace\SmartParkingFinderSystem\bin -XX:+ShowCodeDetailsInExceptionMessages -Djdk.module.main=SmartParkingFinderSystem SmartParkingFinderSystem/parking.gui.UserProfile

Host: Intel(R) Core(TM) i5-8365U CPU @ 1.60GHz, 8 cores, 7G,  Windows 10 , 64 bit Build 19041 (10.0.19041.5072)
Time: Wed Mar 25 00:32:27 2026 India Standard Time elapsed time: 0.016767 seconds (0d 0h 0m 0s)

---------------  T H R E A D  ---------------

Current thread (0x000001f2330fdb10):  JavaThread "Unknown thread" [_thread_in_vm, id=6976, stack(0x000000dd35b00000,0x000000dd35c00000) (1024K)]

Stack: [0x000000dd35b00000,0x000000dd35c00000]
Native frames: (J=compiled Java code, j=interpreted, Vv=VM code, C=native code)
V  [jvm.dll+0x7a6b59]  (no source info available)
V  [jvm.dll+0x77290d]  (no source info available)
V  [jvm.dll+0x966153]  (no source info available)
V  [jvm.dll+0x968751]  (no source info available)
V  [jvm.dll+0x968e53]  (no source info available)
V  [jvm.dll+0x2fc756]  (no source info available)
V  [jvm.dll+0x7a2d85]  (no source info available)
V  [jvm.dll+0x796197]  (no source info available)
V  [jvm.dll+0x3f4698]  (no source info available)
V  [jvm.dll+0x3fc5b6]  (no source info available)
V  [jvm.dll+0x3e8c8e]  (no source info available)
V  [jvm.dll+0x3e8f48]  (no source info available)
V  [jvm.dll+0x3c0045]  (no source info available)
V  [jvm.dll+0x3c0cce]  (no source info available)
V  [jvm.dll+0x92c837]  (no source info available)
V  [jvm.dll+0x458bc2]  (no source info available)
V  [jvm.dll+0x9101e2]  (no source info available)
V  [jvm.dll+0x4f9061]  (no source info available)
V  [jvm.dll+0x4fa8f1]  (no source info available)
C  [jli.dll+0x543e]  (no source info available)
C  [ucrtbase.dll+0x21bb2]  (no source info available)
C  [KERNEL32.DLL+0x17374]  (no source info available)
C  [ntdll.dll+0x4cc91]  (no source info available)

Lock stack of current Java thread (top to bottom):


---------------  P R O C E S S  ---------------

Threads class SMR info:
_java_thread_list=0x00007ff882e45308, length=0, elements={
}

Java Threads: ( => current thread )
Total: 0

Other Threads:
  0x000001f235476d60 WorkerThread "GC Thread#0"                     [id=16996, stack(0x000000dd35c00000,0x000000dd35d00000) (1024K)]
  0x000001f23548f3b0 ConcurrentGCThread "G1 Main Marker"            [id=24376, stack(0x000000dd35d00000,0x000000dd35e00000) (1024K)]
  0x000001f235490870 WorkerThread "G1 Conc#0"                       [id=30364, stack(0x000000dd35e00000,0x000000dd35f00000) (1024K)]

[error occurred during error reporting (printing all threads), id 0xc0000005, EXCEPTION_ACCESS_VIOLATION (0xc0000005) at pc=0x00007ff882524c2a]
VM state: not at safepoint (not fully initialized)

VM Mutex/Monitor currently owned by a thread:  ([mutex/lock_event])
[0x00007ff882ec9668] Heap_lock - owner thread: 0x000001f2330fdb10

Heap address: 0x0000000083800000, size: 1992 MB, Compressed Oops mode: 32-bit

CDS archive(s) mapped at: [0x0000000000000000-0x0000000000000000-0x0000000000000000), size 0, SharedBaseAddress: 0x0000000800000000, ArchiveRelocationMode: 1.
UseCompressedClassPointers 1, UseCompactObjectHeaders 0
Narrow klass pointer bits 32, Max shift 3
Narrow klass base: 0xffffffffffffffff, Narrow klass shift: -1
Encoding Range: [0xffffffffffffffff - 0x000000007fffffff), (2147483648 bytes)
Klass Range:    [0x0000000000000000 - 0x0000000000000000), (0 bytes)
Klass ID Range:  [4294967295 - 0) (1)
No protection zone.

GC Precious Log:
 CardTable entry size: 512
 Card Set container configuration: InlinePtr #cards 5 size 8 Array Of Cards #cards 10 size 36 Howl #buckets 4 coarsen threshold 1843 Howl Bitmap #cards 512 size 80 coarsen threshold 460 Card regions per heap region 1 cards per card region 2048

Heap:
 garbage-first heap   total reserved 2039808K, committed 0K, used 0K [0x0000000083800000, 0x0000000100000000)
  region size 1024K, 0 young (0K), 0 survivors (0K)

Heap Regions: E=young(eden), S=young(survivor), O=old, HS=humongous(starts), HC=humongous(continues), CS=collection set, F=free, TAMS=top-at-mark-start, PB=parsable bottom

Card table byte_map: [0x000001f24d3d0000,0x000001f24d7c0000] _byte_map_base: 0x000001f24cfb4000

Marking Bits: (CMBitMap*) 0x000001f2354774f0
 Bits: [0x000001f24d7c0000, 0x000001f24f6e0000)

GC Heap Usage History (0 events):
No events

Metaspace Usage History (0 events):
No events

Dll operation events (1 events):
Event: 0.008 Loaded shared library C:\Program Files\Java\jdk-25\bin\java.dll

Deoptimization events (0 events):
No events

Classes loaded (0 events):
No events

Classes unloaded (0 events):
No events

Classes redefined (0 events):
No events

Internal exceptions (0 events):
No events

VM Operations (0 events):
No events

Memory protections (0 events):
No events

Nmethod flushes (0 events):
No events

Events (0 events):
No events


Dynamic libraries:
0x00007ff7f9620000 - 0x00007ff7f9630000 	C:\Program Files\Java\jdk-25\bin\javaw.exe
0x00007ff911fd0000 - 0x00007ff9121c8000 	C:\WINDOWS\SYSTEM32\ntdll.dll
0x00007ff9102a0000 - 0x00007ff910362000 	C:\WINDOWS\System32\KERNEL32.DLL
0x00007ff90fcf0000 - 0x00007ff90ffee000 	C:\WINDOWS\System32\KERNELBASE.dll
0x00007ff90fbf0000 - 0x00007ff90fcf0000 	C:\WINDOWS\System32\ucrtbase.dll
0x00007ff8fef20000 - 0x00007ff8fef3e000 	C:\Program Files\Java\jdk-25\bin\VCRUNTIME140.dll
0x00007ff8fef40000 - 0x00007ff8fef57000 	C:\Program Files\Java\jdk-25\bin\jli.dll
0x00007ff9107e0000 - 0x00007ff91097d000 	C:\WINDOWS\System32\USER32.dll
0x00007ff90f7d0000 - 0x00007ff90f7f2000 	C:\WINDOWS\System32\win32u.dll
0x00007ff8fc540000 - 0x00007ff8fc7da000 	C:\WINDOWS\WinSxS\amd64_microsoft.windows.common-controls_6595b64144ccf1df_6.0.19041.4355_none_60b8b9eb71f62e16\COMCTL32.dll
0x00007ff910710000 - 0x00007ff91073b000 	C:\WINDOWS\System32\GDI32.dll
0x00007ff90fff0000 - 0x00007ff91008e000 	C:\WINDOWS\System32\msvcrt.dll
0x00007ff90f970000 - 0x00007ff90fa87000 	C:\WINDOWS\System32\gdi32full.dll
0x00007ff90f700000 - 0x00007ff90f79d000 	C:\WINDOWS\System32\msvcp_win.dll
0x00007ff911f60000 - 0x00007ff911f8f000 	C:\WINDOWS\System32\IMM32.DLL
0x00007ff8fec20000 - 0x00007ff8fec2c000 	C:\Program Files\Java\jdk-25\bin\vcruntime140_1.dll
0x00007ff8c3050000 - 0x00007ff8c30dd000 	C:\Program Files\Java\jdk-25\bin\msvcp140.dll
0x00007ff882150000 - 0x00007ff882faf000 	C:\Program Files\Java\jdk-25\bin\server\jvm.dll
0x00007ff911470000 - 0x00007ff911521000 	C:\WINDOWS\System32\ADVAPI32.dll
0x00007ff910090000 - 0x00007ff91012f000 	C:\WINDOWS\System32\sechost.dll
0x00007ff911bb0000 - 0x00007ff911cd3000 	C:\WINDOWS\System32\RPCRT4.dll
0x00007ff90f7a0000 - 0x00007ff90f7c7000 	C:\WINDOWS\System32\bcrypt.dll
0x00007ff910750000 - 0x00007ff9107bb000 	C:\WINDOWS\System32\WS2_32.dll
0x00007ff90f1e0000 - 0x00007ff90f22b000 	C:\WINDOWS\SYSTEM32\POWRPROF.dll
0x00007ff8fc880000 - 0x00007ff8fc8a7000 	C:\WINDOWS\SYSTEM32\WINMM.dll
0x00007ff90d960000 - 0x00007ff90d96a000 	C:\WINDOWS\SYSTEM32\VERSION.dll
0x00007ff90f0d0000 - 0x00007ff90f0e2000 	C:\WINDOWS\SYSTEM32\UMPDC.dll
0x00007ff90de90000 - 0x00007ff90dea2000 	C:\WINDOWS\SYSTEM32\kernel.appcore.dll
0x00007ff8fec10000 - 0x00007ff8fec1a000 	C:\Program Files\Java\jdk-25\bin\jimage.dll
0x00007ff90cf80000 - 0x00007ff90d164000 	C:\WINDOWS\SYSTEM32\DBGHELP.DLL
0x00007ff8fb790000 - 0x00007ff8fb7c4000 	C:\WINDOWS\SYSTEM32\dbgcore.DLL
0x00007ff90f670000 - 0x00007ff90f6f2000 	C:\WINDOWS\System32\bcryptPrimitives.dll
0x00007ff8de4d0000 - 0x00007ff8de4ef000 	C:\Program Files\Java\jdk-25\bin\java.dll
0x00007ff911e30000 - 0x00007ff911f5b000 	C:\WINDOWS\System32\ole32.dll
0x00007ff911110000 - 0x00007ff911463000 	C:\WINDOWS\System32\combase.dll
0x00007ff910980000 - 0x00007ff9110ed000 	C:\WINDOWS\System32\SHELL32.dll

JVMTI agents: none

dbghelp: loaded successfully - version: 4.0.5 - missing functions: none
symbol engine: initialized successfully - sym options: 0x614 - pdb path: .;C:\Program Files\Java\jdk-25\bin;C:\WINDOWS\SYSTEM32;C:\WINDOWS\WinSxS\amd64_microsoft.windows.common-controls_6595b64144ccf1df_6.0.19041.4355_none_60b8b9eb71f62e16;C:\Program Files\Java\jdk-25\bin\server

VM Arguments:
jvm_args: -Dfile.encoding=UTF-8 -Dstdout.encoding=UTF-8 -Dstderr.encoding=UTF-8 --module-path=C:\Users\GURU\eclipse-workspace\SmartParkingFinderSystem\bin -XX:+ShowCodeDetailsInExceptionMessages -Djdk.module.main=SmartParkingFinderSystem 
java_command: SmartParkingFinderSystem/parking.gui.UserProfile
java_class_path (initial): C:\Users\GURU\Downloads\mysql-connector-j-9.6.0\mysql-connector-j-9.6.0\mysql-connector-j-9.6.0.jar
Launcher Type: SUN_STANDARD

[Global flags]
     intx CICompilerCount                          = 4                                         {product} {ergonomic}
     uint ConcGCThreads                            = 2                                         {product} {ergonomic}
     uint G1ConcRefinementThreads                  = 8                                         {product} {ergonomic}
   size_t G1HeapRegionSize                         = 1048576                                   {product} {ergonomic}
   size_t InitialHeapSize                          = 132120576                                 {product} {ergonomic}
   size_t MarkStackSize                            = 4194304                                   {product} {ergonomic}
   size_t MarkStackSizeMax                         = 536870912                                 {product} {ergonomic}
   size_t MaxHeapSize                              = 2088763392                                {product} {ergonomic}
   size_t MinHeapDeltaBytes                        = 1048576                                   {product} {ergonomic}
   size_t MinHeapSize                              = 8388608                                   {product} {ergonomic}
    uintx NonNMethodCodeHeapSize                   = 5832704                                {pd product} {ergonomic}
    uintx NonProfiledCodeHeapSize                  = 122945536                              {pd product} {ergonomic}
    uintx ProfiledCodeHeapSize                     = 122880000                              {pd product} {ergonomic}
    uintx ReservedCodeCacheSize                    = 251658240                              {pd product} {ergonomic}
     bool SegmentedCodeCache                       = true                                      {product} {ergonomic}
     bool ShowCodeDetailsInExceptionMessages       = true                                   {manageable} {command line}
   size_t SoftMaxHeapSize                          = 2088763392                             {manageable} {ergonomic}
     bool UseCompressedOops                        = true                           {product lp64_product} {ergonomic}
     bool UseG1GC                                  = true                                      {product} {ergonomic}
     bool UseLargePagesIndividualAllocation        = false                                  {pd product} {ergonomic}

Logging:
Log output configuration:
 #0: stdout all=warning uptime,level,tags foldmultilines=false
 #1: stderr all=off uptime,level,tags foldmultilines=false

Release file:
<release file has not been read>
Environment Variables:
PATH=C:/Users/GURU/.p2/pool/plugins/org.eclipse.justj.openjdk.hotspot.jre.full.win32.x86_64_21.0.10.v20260205-0638/jre/bin/server;C:/Users/GURU/.p2/pool/plugins/org.eclipse.justj.openjdk.hotspot.jre.full.win32.x86_64_21.0.10.v20260205-0638/jre/bin;C:\Program Files\Common Files\Oracle\Java\javapath;C:\WINDOWS\system32;C:\WINDOWS;C:\WINDOWS\System32\Wbem;C:\WINDOWS\System32\WindowsPowerShell\v1.0\;C:\WINDOWS\System32\OpenSSH\;C:\Program Files\MySQL\MySQL Shell 8.0\bin\;C:\Users\GURU\AppData\Local\Microsoft\WindowsApps;C:\Users\GURU\AppData\Local\Programs\Microsoft VS Code\bin;C:\MinGW\bin;;C:\Users\GURU\OneDrive\Desktop;
USERNAME=GURU
OS=Windows_NT
PROCESSOR_IDENTIFIER=Intel64 Family 6 Model 142 Stepping 12, GenuineIntel
TMP=C:\Users\GURU\AppData\Local\Temp
TEMP=C:\Users\GURU\AppData\Local\Temp




Compilation memory statistics disabled.

Periodic native trim disabled

---------------  S Y S T E M  ---------------

OS:
 Windows 10 , 64 bit Build 19041 (10.0.19041.5072)
OS uptime: 15 days 3:22 hours

CPU: total 8 (initial active 8) (4 cores per cpu, 2 threads per core) family 6 model 142 stepping 12 microcode 0xf8, cx8, cmov, fxsr, ht, mmx, 3dnowpref, sse, sse2, sse3, ssse3, sse4.1, sse4.2, popcnt, lzcnt, tsc, tscinvbit, avx, avx2, aes, erms, clmul, bmi1, bmi2, adx, fma, vzeroupper, clflush, clflushopt, rdtscp, f16c
Processor Information for the first 8 processors :
  Max Mhz: 1896, Current Mhz: 1596, Mhz Limit: 1592

Memory: 4k page, system-wide physical 7966M (774M free)
TotalPageFile size 11992M (AvailPageFile size 39M)
current process WorkingSet (physical memory assigned to process): 11M, peak: 11M
current process commit charge ("private bytes"): 60M, peak: 186M

vm_info: Java HotSpot(TM) 64-Bit Server VM (25.0.1+8-LTS-27) for windows-amd64 JRE (25.0.1+8-LTS-27), built on 2025-09-25T16:41:16Z with unknown MS VC++:1943

END.
